<?xml version="1.0" encoding="UTF-8"?>
<!-- Generated by org.testng.reporters.JUnitXMLReporter -->
<testsuite ignored="0" hostname="DESKTOP-G0OK52U" failures="0" tests="3" name="Test" time="33.797" errors="0" timestamp="2022-05-03T12:12:55 IST">
  <testcase classname="action.HRMLoginExample" name="loginWithValidUserDetails" time="4.533"/>
  <testcase classname="action.TestingTestNG" name="tc_01" time="0.002"/>
  <testcase classname="action.IrctcWindowsTest" name="SwitchingTestCase1" time="8.674"/>
</testsuite> <!-- Test -->
