<?xml version="1.0" encoding="UTF-8"?>
<testng-results ignored="0" total="1" passed="1" failed="0" skipped="0">
  <reporter-output>
  </reporter-output>
  <suite started-at="2022-04-26T19:06:20 IST" name="Suite" finished-at="2022-04-26T19:06:40 IST" duration-ms="19477">
    <groups>
    </groups>
    <test started-at="2022-04-26T19:06:20 IST" name="Test" finished-at="2022-04-26T19:06:40 IST" duration-ms="19477">
      <class name="action.HRMLoginExample">
        <test-method is-config="true" signature="launchApp()[pri:0, instance:action.HRMLoginExample@4c178a76]" started-at="2022-04-26T19:06:20 IST" name="launchApp" finished-at="2022-04-26T19:06:27 IST" duration-ms="7168" status="PASS">
          <reporter-output>
          </reporter-output>
        </test-method> <!-- launchApp -->
        <test-method signature="loginWithValidUserDetails()[pri:0, instance:action.HRMLoginExample@4c178a76]" started-at="2022-04-26T19:06:27 IST" name="loginWithValidUserDetails" finished-at="2022-04-26T19:06:32 IST" duration-ms="4123" status="PASS">
          <reporter-output>
          </reporter-output>
        </test-method> <!-- loginWithValidUserDetails -->
        <test-method is-config="true" signature="closeApp()[pri:0, instance:action.HRMLoginExample@4c178a76]" started-at="2022-04-26T19:06:32 IST" name="closeApp" finished-at="2022-04-26T19:06:40 IST" duration-ms="8153" status="PASS">
          <reporter-output>
          </reporter-output>
        </test-method> <!-- closeApp -->
      </class> <!-- action.HRMLoginExample -->
    </test> <!-- Test -->
  </suite> <!-- Suite -->
</testng-results>
