<?xml version="1.0" encoding="UTF-8"?>
<testng-results ignored="0" total="1" passed="1" failed="0" skipped="0">
  <reporter-output>
  </reporter-output>
  <suite started-at="2022-05-03T21:51:34 IST" name="Default suite" finished-at="2022-05-03T21:51:36 IST" duration-ms="2469">
    <groups>
    </groups>
    <test started-at="2022-05-03T21:51:34 IST" name="Default test" finished-at="2022-05-03T21:51:36 IST" duration-ms="2469">
      <class name="sauseLAB_IntegrationExamples.RESTAPI_GET_Test">
        <test-method signature="test_01_listUser()[pri:0, instance:sauseLAB_IntegrationExamples.RESTAPI_GET_Test@4738a206]" started-at="2022-05-03T21:51:34 IST" name="test_01_listUser" finished-at="2022-05-03T21:51:36 IST" duration-ms="2428" status="PASS">
          <reporter-output>
          </reporter-output>
        </test-method> <!-- test_01_listUser -->
      </class> <!-- sauseLAB_IntegrationExamples.RESTAPI_GET_Test -->
    </test> <!-- Default test -->
  </suite> <!-- Default suite -->
</testng-results>
