<?xml version="1.0" encoding="UTF-8"?>
<testng-results ignored="0" total="1" passed="1" failed="0" skipped="0">
  <reporter-output>
  </reporter-output>
  <suite started-at="2022-04-26T15:24:39 IST" name="Default suite" finished-at="2022-04-26T15:24:58 IST" duration-ms="18333">
    <groups>
    </groups>
    <test started-at="2022-04-26T15:24:39 IST" name="Default test" finished-at="2022-04-26T15:24:58 IST" duration-ms="18333">
      <class name="action.HRMLoginExample">
        <test-method is-config="true" signature="launchApp()[pri:0, instance:action.HRMLoginExample@3c73951]" started-at="2022-04-26T15:24:39 IST" name="launchApp" finished-at="2022-04-26T15:24:49 IST" duration-ms="9438" status="PASS">
          <reporter-output>
          </reporter-output>
        </test-method> <!-- launchApp -->
        <test-method signature="loginWithValidUserDetails()[pri:0, instance:action.HRMLoginExample@3c73951]" started-at="2022-04-26T15:24:49 IST" name="loginWithValidUserDetails" finished-at="2022-04-26T15:24:54 IST" duration-ms="4672" status="PASS">
          <reporter-output>
          </reporter-output>
        </test-method> <!-- loginWithValidUserDetails -->
        <test-method is-config="true" signature="closeApp()[pri:0, instance:action.HRMLoginExample@3c73951]" started-at="2022-04-26T15:24:54 IST" name="closeApp" finished-at="2022-04-26T15:24:58 IST" duration-ms="4197" status="PASS">
          <reporter-output>
          </reporter-output>
        </test-method> <!-- closeApp -->
      </class> <!-- action.HRMLoginExample -->
    </test> <!-- Default test -->
  </suite> <!-- Default suite -->
</testng-results>
